[    3242ms] [ERROR] Permissions policy violation: unload is not allowed in this document. @ https://ai.azure.com/assets/manualChunk_telemetry-6ccd2ca9.js:3
[    3243ms] [ERROR] Permissions policy violation: unload is not allowed in this document. @ https://ai.azure.com/assets/manualChunk_telemetry-6ccd2ca9.js:3
[    3245ms] [ERROR] Permissions policy violation: unload is not allowed in this document. @ https://ai.azure.com/assets/manualChunk_telemetry-6ccd2ca9.js:3
[    3245ms] [ERROR] Permissions policy violation: unload is not allowed in this document. @ https://ai.azure.com/assets/manualChunk_telemetry-6ccd2ca9.js:3
[    3536ms] [LOG] React query cache restored in 410.5 ms @ https://ai.azure.com/explore/models:66
[    3938ms] [ERROR] Failed to load resource: the server responded with a status of 400 () @ https://login.microsoftonline.com/72f988bf-86f1-41af-91ab-2d7cd011db47/oauth2/v2.0/token?client-request-id=7de52868-0322-4da6-85e6-d3705356ed52:0
[    3948ms] [WARNING] An iframe which has both allow-scripts and allow-same-origin for its sandbox attribute can escape its sandboxing. @ https://ai.azure.com/assets/manualChunk_msal-471f219f.js:0
[    4986ms] [WARNING] An iframe which has both allow-scripts and allow-same-origin for its sandbox attribute can escape its sandboxing. @ https://ai.azure.com/oauth#code=1.AQEAv4j5cvGGr0GRqy180BHbR2P4L8swf-1Mq4mgAZS89tkAAL4aAA.BQABBAIAAAADAOz_BQD0_0V2b1N0c0FydGlmYWN0cwIAAAAAAIjeWdPZI3MEVWf-fAL5hX9ahs05YNwsKKq9Yk2QI4p60lWFYq3Xg_yiTUna_bvnDjr-moDBzB425SbIteJyP6dX6Qof8CxF8ughC3CcjLzCL58uRp-YCwd4T1M3mnrci-hDKpa5dXvL0Jm2L68ecKyxIutxQBhEUfL8FiHGj39PlNDGimXsJt4Q0BbObH_Z9tERYpikfwTOoPrZ_qlebYUslsuuQ_rodARjo1Q7dS_OgP9obl4JwHzu3IiTcfCjet-YsHTfc9wAyhpBTCtCRjfZRjn8JjSJe158mo8RQsjrIUq6LJD1awn_VlpPJz3sVWlQ3wa5VXYHd0AbLDs0LV40LKCReo5ktbb43al8F-epAsipkcf1ezyja7Xk63g_IuTCI5LAICuC9SdI5KBjN0J6yETb_UHPp9k9Fc2V1sA5BdMQ5GCKoMekvn92qMtNe66yEMuyw1ePAOeT20LmN6olTpwRqXvnE2stkIZluTncV2hF4-rlr4L83lUrfs4N7XZLu7I2sxi6mznPA8v8buDEVbaXv0VkhrkjV2ihEFaD177a-DUjR4_5Z7l6PbbNfhD5W1lZvp_3CWTcjyZn5G5Btm98fcxAiA16mrR8b5oBu5QDrNASP-GBrH0REi5Z_xgN9izq1TrJPIGz0qefaVsIGXNxERYwzAHHF-JTSTmGMMV_gKVtwaZ-eUlmig3ZZQsLE3fa0_Bq7thM1qWSc5U79oIC7dyZinBWjrrpUI8xQFmXwWv1mC57JCmvGdGKe8q7AYDtpgz_6UFkUcifADTE7qaGa30Apq6fRYJN_H7e0TmlZXqwiC5NbSJehrKo84IqDJYAlcFTFmOQ4OPH3rJtUsodMLmMUQFl7IxAdQd9rpoeOMcqsRhZ7-7DnJH36DPgTRwBd9lD-Ms4bLHAWknDQ82awCiP32ena_Mu527bjhpM5eBl_wWRuShUODq8yywzLn2NSyM21_I2yURJnii7NRYhiFOE8MffDPBQV-x1VyOtw5m1PB989MIih9IeOd1iO7Szks6vGA4-l7FNaZobHnXVzj5AsQ_jgnBYfPSgTHYhLeQwFknoykuFdqBYr40zIc03kj_1_cSn2xc-6f6JMF-t3L2aVq-w11Sm842l2MzQFEngaekV6q8Y5cQO4jkhgNLTsz0XOwm0FpFdYeOd59ELalB7ChVGOkkOKoEWX1lO-7m-4Y3J2KYvoIhutlFkwIy7Gz_2WOLnVPzlHtXH_3lFHG5juCtpEZ_x_LWY-X-X_S07Sy1zTpmHem9BwAlZ3aqhW2mjgITlXfZjxhGTnDeErDN7yiu1r7DSW1D2Cs0n1ZkYsSrf2ZohVDVerimR0qJeje6v9MQP6EzfmjhxdrZ6jiupQxiHGB8qdpsTbLRGTRtbEIT-SDcYb7ZZN3r5_hCsbdBgV3FYn3xl7L6vkg7lyUJpJQ7s1c4iudHjcjoU53MPULRLc4JtJh4aEOfWSfVmApPgxPLry9vcE3_rZy_d6NXDHN5ue-9WKJX5Wss27EDG-d79Jyprw5zzNbcSMCJjB45KScSrgDFZdcMJf26-iC3gyDu5wJcuBb-9eW5Ja9cb10gcqn2Q6aj2ugQf0NevJP10TMTNNDWC2gWiar0i4y1TBcHsLXzoiqqyGXTdKnhSejpO__4GaxTid77sxkj15FV_o-7VnL1mcZUOFKl9beB2w6geWTyHg7h1hheSzVJP1TVkmnVZsRSXC-wT5lgtiA&client_info=eyJ1aWQiOiJjNWViYmY1Yi03ZmE4LTQ3MDgtODYwMy0zZDBmZDRiYTQ4OTEiLCJ1dGlkIjoiNzJmOTg4YmYtODZmMS00MWFmLTkxYWItMmQ3Y2QwMTFkYjQ3In0&state=eyJpZCI6IjAxOWQ2ZTBmLTg5NDAtN2Y5MS04NjQ4LTlmYWI2MGMyYWI5MiIsIm1ldGEiOnsiaW50ZXJhY3Rpb25UeXBlIjoic2lsZW50In19&session_state=002ff18a-b7f3-fc04-3ece-91e3e38b7042&clientdata=e%7c%7c%7cmicrosoftonline.com%7cnone:0
[   13993ms] [ERROR] AuthError: timed_out: See https://aka.ms/msal.js.errors#timed_out for details
    at Yc (https://ai.azure.com/assets/manualChunk_common_core-a238d632.js:5:88973)
    at Qc (https://ai.azure.com/assets/manualChunk_common_core-a238d632.js:5:88863)
    at async Ro (https://ai.azure.com/assets/manualChunk_common_core-a238d632.js:5:289613) @ https://ai.azure.com/assets/manualChunk_data-fetch-3a8ef9df.js:13
[   14500ms] [WARNING] An iframe which has both allow-scripts and allow-same-origin for its sandbox attribute can escape its sandboxing. @ https://ai.azure.com/assets/manualChunk_msal-471f219f.js:0
[   14925ms] [WARNING] An iframe which has both allow-scripts and allow-same-origin for its sandbox attribute can escape its sandboxing. @ https://ai.azure.com/oauth#code=1.AQEAv4j5cvGGr0GRqy180BHbR2P4L8swf-1Mq4mgAZS89tkAAL4aAA.BQABBAIAAAADAOz_BQD0_0V2b1N0c0FydGlmYWN0cwIAAAAAAGIOFToh3yxmI--BmqVCYZINiih4Fm4ZcFadjIZU9nTucRvNaAklyTJ14DEo9FbEFjfY7snS-dHJaI2S4XprjtsR1UZaxJpeDYifBOtvwsqJL6IXFa2tfRRRvI5whM_gBeAEi3Kj2eHhcvkoziAaQI2SN8Mm_QmIgj0dAH8GvzpE1YUe-9lO0OWyxQlwkcyX5-FrmpgYRjvph6jz_a2e-s4MEbW4LcSxlbb3AjFVx0gd4hGUPGG3Uq5jejQ1TUQCTgvxM0Tx-HtThs2KV7AhqkMaPzfuFIRWtPiuYQohBfnMC1HyYg5BnnYkvdUJxy0Arx4Nth2_bAMDoi71AKoBJZlASlRqAu135vKi-EsnFlhNyzdoPgwUuIMJUOmjtGKnGjovrQ8BBFBdmQ2Iq8GbQdUi4P_ZBegm_H5Wtrl3Yv1xppedGGh3U2UqgElnbQS0fcIlyeLMcxoAg-tTACsPRJEkpHyr5fM_rKR1nxA93uTNSd0U3qdeFpTFyxw7f0l3Nlgqq8DtqM15bzNChJaqWMzmcnDQWRjEmyX46b5b-OJgzokuNQTmQAREWCxibRJWcOVIO8bFlV-q8QMdAn0r8oxD-Zsn7dutGq9iQers5sIiWUA4wMCkN_Shqg65Mxz_UpND4xDif2QXVQd4Z_5mp4qDj0jCZBswvNZupZEEqAD-jC_KBBIZcx2aoi_ASY4YxXvCSKq1ozRYSGKrBXJnmKLMvFxL9_PfvDrtcaMAENkpRZgBOXWrPbt6cX3FYGWZBv7ZR1b28w-nmbggOrf2wI_GpaXrv5hRzvy9BFxrI6UcJBA0hBn89bngmlXrqb6IaJUyEnWOeqW8hlQCfcnvBYlulIlr7iJ5OkylVG3cUoN5WSSI9VKe-Q0jTc75h46cWgN30vFfwaDeJ9rtKoCYMbWsZpp_wR4TG7fNR312N9Kx13AyIQz45S33CKTkUgHePy5s5sF1QNmhTq7KEOAaMV2Ltwt-NcXAVX4VPuRYdzT68Z4leUpEVuNwXw9Djd2JU6kxL-SpmTHX7kEE_EpPkWgt7oJWQ9oXDFbJqMQfgTnlQxXB_tEF0qhpKKNjsyuzRMa6L64IqIafl39gqkna9_fUzRDBevTnrvBAIQxwpiSD4y7Jw7hrPj3PJ0j3l5Qxo7O76-ZT6YooDS8bxHdnNZs9qwoEOLWGHZj86pTHFKP17tL-Lh4hh6cQ0ajf8OW55mTJWd6rlkANnr0NbhD1WWvd1m6IEo-e1S3fi5W6W182YKIBqkciDGVVeoLZMimYy7uxNoSTXT3EI9loLTfVv4WZbKfH9zuGoegb_ZYq9Qk1In290FnzgCpzc0v4jvXtk9bhqMUlwbL2oy-vugh2iNurCDBxiTSUtreueFcGAF1S6SDHdk0AO4DcWkWbPgx5dxFAHD1WGk_w-iyFRkFZv48_255xfuCZWbPUo1Rnj5Yh9BHQ1c4owFFPxlH61UPJv_SUsnk3j0qEBa5ZVEmFpvmjxyfOIMkp6CgtU1sLE74kaKFykUtlY0zIZ-sE5rfjjz3IYoq7GaECxlhkT-Q-CENDEwY55HwY5S5VSfIoetYGKdhl5APJ57UHN-EPipigSZXVjV3NiwuCfccFHSSkdk4A_wOoWviK0aWF0GPMh7RT-U4JloDZx67EZuOS7Mvsv0XjwdkZhgpOV721Zws_hlOFLdef8MGHvt-uKgjfiLmeVU6iwaJ7OrdJi40MSSVMJB0Epcc&client_info=eyJ1aWQiOiJjNWViYmY1Yi03ZmE4LTQ3MDgtODYwMy0zZDBmZDRiYTQ4OTEiLCJ1dGlkIjoiNzJmOTg4YmYtODZmMS00MWFmLTkxYWItMmQ3Y2QwMTFkYjQ3In0&state=eyJpZCI6IjAxOWQ2ZTBmLWIyN2EtNzBhNi05OTExLTNmM2I0ZmQ5OTE3OSIsIm1ldGEiOnsiaW50ZXJhY3Rpb25UeXBlIjoic2lsZW50In19&session_state=002ff18a-b7f3-fc04-3ece-91e3e38b7042&clientdata=e%7c%7c%7cmicrosoftonline.com%7cnone:0
[    3242ms] [ERROR] Permissions policy violation: unload is not allowed in this document. @ https://ai.azure.com/assets/manualChunk_telemetry-6ccd2ca9.js:3
[    3243ms] [ERROR] Permissions policy violation: unload is not allowed in this document. @ https://ai.azure.com/assets/manualChunk_telemetry-6ccd2ca9.js:3
[    3245ms] [ERROR] Permissions policy violation: unload is not allowed in this document. @ https://ai.azure.com/assets/manualChunk_telemetry-6ccd2ca9.js:3
[    3245ms] [ERROR] Permissions policy violation: unload is not allowed in this document. @ https://ai.azure.com/assets/manualChunk_telemetry-6ccd2ca9.js:3
[    3938ms] [ERROR] Failed to load resource: the server responded with a status of 400 () @ https://login.microsoftonline.com/72f988bf-86f1-41af-91ab-2d7cd011db47/oauth2/v2.0/token?client-request-id=7de52868-0322-4da6-85e6-d3705356ed52:0
[    3948ms] [WARNING] An iframe which has both allow-scripts and allow-same-origin for its sandbox attribute can escape its sandboxing. @ https://ai.azure.com/assets/manualChunk_msal-471f219f.js:0
[    4986ms] [WARNING] An iframe which has both allow-scripts and allow-same-origin for its sandbox attribute can escape its sandboxing. @ https://ai.azure.com/oauth#code=1.AQEAv4j5cvGGr0GRqy180BHbR2P4L8swf-1Mq4mgAZS89tkAAL4aAA.BQABBAIAAAADAOz_BQD0_0V2b1N0c0FydGlmYWN0cwIAAAAAAIjeWdPZI3MEVWf-fAL5hX9ahs05YNwsKKq9Yk2QI4p60lWFYq3Xg_yiTUna_bvnDjr-moDBzB425SbIteJyP6dX6Qof8CxF8ughC3CcjLzCL58uRp-YCwd4T1M3mnrci-hDKpa5dXvL0Jm2L68ecKyxIutxQBhEUfL8FiHGj39PlNDGimXsJt4Q0BbObH_Z9tERYpikfwTOoPrZ_qlebYUslsuuQ_rodARjo1Q7dS_OgP9obl4JwHzu3IiTcfCjet-YsHTfc9wAyhpBTCtCRjfZRjn8JjSJe158mo8RQsjrIUq6LJD1awn_VlpPJz3sVWlQ3wa5VXYHd0AbLDs0LV40LKCReo5ktbb43al8F-epAsipkcf1ezyja7Xk63g_IuTCI5LAICuC9SdI5KBjN0J6yETb_UHPp9k9Fc2V1sA5BdMQ5GCKoMekvn92qMtNe66yEMuyw1ePAOeT20LmN6olTpwRqXvnE2stkIZluTncV2hF4-rlr4L83lUrfs4N7XZLu7I2sxi6mznPA8v8buDEVbaXv0VkhrkjV2ihEFaD177a-DUjR4_5Z7l6PbbNfhD5W1lZvp_3CWTcjyZn5G5Btm98fcxAiA16mrR8b5oBu5QDrNASP-GBrH0REi5Z_xgN9izq1TrJPIGz0qefaVsIGXNxERYwzAHHF-JTSTmGMMV_gKVtwaZ-eUlmig3ZZQsLE3fa0_Bq7thM1qWSc5U79oIC7dyZinBWjrrpUI8xQFmXwWv1mC57JCmvGdGKe8q7AYDtpgz_6UFkUcifADTE7qaGa30Apq6fRYJN_H7e0TmlZXqwiC5NbSJehrKo84IqDJYAlcFTFmOQ4OPH3rJtUsodMLmMUQFl7IxAdQd9rpoeOMcqsRhZ7-7DnJH36DPgTRwBd9lD-Ms4bLHAWknDQ82awCiP32ena_Mu527bjhpM5eBl_wWRuShUODq8yywzLn2NSyM21_I2yURJnii7NRYhiFOE8MffDPBQV-x1VyOtw5m1PB989MIih9IeOd1iO7Szks6vGA4-l7FNaZobHnXVzj5AsQ_jgnBYfPSgTHYhLeQwFknoykuFdqBYr40zIc03kj_1_cSn2xc-6f6JMF-t3L2aVq-w11Sm842l2MzQFEngaekV6q8Y5cQO4jkhgNLTsz0XOwm0FpFdYeOd59ELalB7ChVGOkkOKoEWX1lO-7m-4Y3J2KYvoIhutlFkwIy7Gz_2WOLnVPzlHtXH_3lFHG5juCtpEZ_x_LWY-X-X_S07Sy1zTpmHem9BwAlZ3aqhW2mjgITlXfZjxhGTnDeErDN7yiu1r7DSW1D2Cs0n1ZkYsSrf2ZohVDVerimR0qJeje6v9MQP6EzfmjhxdrZ6jiupQxiHGB8qdpsTbLRGTRtbEIT-SDcYb7ZZN3r5_hCsbdBgV3FYn3xl7L6vkg7lyUJpJQ7s1c4iudHjcjoU53MPULRLc4JtJh4aEOfWSfVmApPgxPLry9vcE3_rZy_d6NXDHN5ue-9WKJX5Wss27EDG-d79Jyprw5zzNbcSMCJjB45KScSrgDFZdcMJf26-iC3gyDu5wJcuBb-9eW5Ja9cb10gcqn2Q6aj2ugQf0NevJP10TMTNNDWC2gWiar0i4y1TBcHsLXzoiqqyGXTdKnhSejpO__4GaxTid77sxkj15FV_o-7VnL1mcZUOFKl9beB2w6geWTyHg7h1hheSzVJP1TVkmnVZsRSXC-wT5lgtiA&client_info=eyJ1aWQiOiJjNWViYmY1Yi03ZmE4LTQ3MDgtODYwMy0zZDBmZDRiYTQ4OTEiLCJ1dGlkIjoiNzJmOTg4YmYtODZmMS00MWFmLTkxYWItMmQ3Y2QwMTFkYjQ3In0&state=eyJpZCI6IjAxOWQ2ZTBmLTg5NDAtN2Y5MS04NjQ4LTlmYWI2MGMyYWI5MiIsIm1ldGEiOnsiaW50ZXJhY3Rpb25UeXBlIjoic2lsZW50In19&session_state=002ff18a-b7f3-fc04-3ece-91e3e38b7042&clientdata=e%7c%7c%7cmicrosoftonline.com%7cnone:0
[   14500ms] [WARNING] An iframe which has both allow-scripts and allow-same-origin for its sandbox attribute can escape its sandboxing. @ https://ai.azure.com/assets/manualChunk_msal-471f219f.js:0
[   14925ms] [WARNING] An iframe which has both allow-scripts and allow-same-origin for its sandbox attribute can escape its sandboxing. @ https://ai.azure.com/oauth#code=1.AQEAv4j5cvGGr0GRqy180BHbR2P4L8swf-1Mq4mgAZS89tkAAL4aAA.BQABBAIAAAADAOz_BQD0_0V2b1N0c0FydGlmYWN0cwIAAAAAAGIOFToh3yxmI--BmqVCYZINiih4Fm4ZcFadjIZU9nTucRvNaAklyTJ14DEo9FbEFjfY7snS-dHJaI2S4XprjtsR1UZaxJpeDYifBOtvwsqJL6IXFa2tfRRRvI5whM_gBeAEi3Kj2eHhcvkoziAaQI2SN8Mm_QmIgj0dAH8GvzpE1YUe-9lO0OWyxQlwkcyX5-FrmpgYRjvph6jz_a2e-s4MEbW4LcSxlbb3AjFVx0gd4hGUPGG3Uq5jejQ1TUQCTgvxM0Tx-HtThs2KV7AhqkMaPzfuFIRWtPiuYQohBfnMC1HyYg5BnnYkvdUJxy0Arx4Nth2_bAMDoi71AKoBJZlASlRqAu135vKi-EsnFlhNyzdoPgwUuIMJUOmjtGKnGjovrQ8BBFBdmQ2Iq8GbQdUi4P_ZBegm_H5Wtrl3Yv1xppedGGh3U2UqgElnbQS0fcIlyeLMcxoAg-tTACsPRJEkpHyr5fM_rKR1nxA93uTNSd0U3qdeFpTFyxw7f0l3Nlgqq8DtqM15bzNChJaqWMzmcnDQWRjEmyX46b5b-OJgzokuNQTmQAREWCxibRJWcOVIO8bFlV-q8QMdAn0r8oxD-Zsn7dutGq9iQers5sIiWUA4wMCkN_Shqg65Mxz_UpND4xDif2QXVQd4Z_5mp4qDj0jCZBswvNZupZEEqAD-jC_KBBIZcx2aoi_ASY4YxXvCSKq1ozRYSGKrBXJnmKLMvFxL9_PfvDrtcaMAENkpRZgBOXWrPbt6cX3FYGWZBv7ZR1b28w-nmbggOrf2wI_GpaXrv5hRzvy9BFxrI6UcJBA0hBn89bngmlXrqb6IaJUyEnWOeqW8hlQCfcnvBYlulIlr7iJ5OkylVG3cUoN5WSSI9VKe-Q0jTc75h46cWgN30vFfwaDeJ9rtKoCYMbWsZpp_wR4TG7fNR312N9Kx13AyIQz45S33CKTkUgHePy5s5sF1QNmhTq7KEOAaMV2Ltwt-NcXAVX4VPuRYdzT68Z4leUpEVuNwXw9Djd2JU6kxL-SpmTHX7kEE_EpPkWgt7oJWQ9oXDFbJqMQfgTnlQxXB_tEF0qhpKKNjsyuzRMa6L64IqIafl39gqkna9_fUzRDBevTnrvBAIQxwpiSD4y7Jw7hrPj3PJ0j3l5Qxo7O76-ZT6YooDS8bxHdnNZs9qwoEOLWGHZj86pTHFKP17tL-Lh4hh6cQ0ajf8OW55mTJWd6rlkANnr0NbhD1WWvd1m6IEo-e1S3fi5W6W182YKIBqkciDGVVeoLZMimYy7uxNoSTXT3EI9loLTfVv4WZbKfH9zuGoegb_ZYq9Qk1In290FnzgCpzc0v4jvXtk9bhqMUlwbL2oy-vugh2iNurCDBxiTSUtreueFcGAF1S6SDHdk0AO4DcWkWbPgx5dxFAHD1WGk_w-iyFRkFZv48_255xfuCZWbPUo1Rnj5Yh9BHQ1c4owFFPxlH61UPJv_SUsnk3j0qEBa5ZVEmFpvmjxyfOIMkp6CgtU1sLE74kaKFykUtlY0zIZ-sE5rfjjz3IYoq7GaECxlhkT-Q-CENDEwY55HwY5S5VSfIoetYGKdhl5APJ57UHN-EPipigSZXVjV3NiwuCfccFHSSkdk4A_wOoWviK0aWF0GPMh7RT-U4JloDZx67EZuOS7Mvsv0XjwdkZhgpOV721Zws_hlOFLdef8MGHvt-uKgjfiLmeVU6iwaJ7OrdJi40MSSVMJB0Epcc&client_info=eyJ1aWQiOiJjNWViYmY1Yi03ZmE4LTQ3MDgtODYwMy0zZDBmZDRiYTQ4OTEiLCJ1dGlkIjoiNzJmOTg4YmYtODZmMS00MWFmLTkxYWItMmQ3Y2QwMTFkYjQ3In0&state=eyJpZCI6IjAxOWQ2ZTBmLWIyN2EtNzBhNi05OTExLTNmM2I0ZmQ5OTE3OSIsIm1ldGEiOnsiaW50ZXJhY3Rpb25UeXBlIjoic2lsZW50In19&session_state=002ff18a-b7f3-fc04-3ece-91e3e38b7042&clientdata=e%7c%7c%7cmicrosoftonline.com%7cnone:0
[   16654ms] [ERROR] Permissions policy violation: unload is not allowed in this document. @ https://ai.azure.com/assets/manualChunk_telemetry-6ccd2ca9.js:3
[   16655ms] [ERROR] Permissions policy violation: unload is not allowed in this document. @ https://ai.azure.com/assets/manualChunk_telemetry-6ccd2ca9.js:3
[   16658ms] [ERROR] Permissions policy violation: unload is not allowed in this document. @ https://ai.azure.com/assets/manualChunk_telemetry-6ccd2ca9.js:3
[   16658ms] [ERROR] Permissions policy violation: unload is not allowed in this document. @ https://ai.azure.com/assets/manualChunk_telemetry-6ccd2ca9.js:3
[   16769ms] [LOG] React query cache restored in 175.8999999910593 ms @ https://ai.azure.com/:66
[   23372ms] [LOG] JQMIGRATE: Migrate is installed, version 3.3.2 @ https://aadcdn.msftauth.net/ests/2.1/content/cdnbundles/jquery.3.5.min_dc940oomzau4rsu8qesnvg2.js:4
[   23373ms] [LOG] JQMIGRATE: Migrate is installed, version 1.4.1 @ https://aadcdn.msftauth.net/ests/2.1/content/cdnbundles/jquery.3.5.min_dc940oomzau4rsu8qesnvg2.js:7
[   23668ms] [ERROR] Framing 'https://www.microsoft.com/' violates the following Content Security Policy directive: "frame-ancestors 'none'". The request has been blocked.
 @ :0
[   23696ms] [ERROR] Framing 'https://outlook.office365.com/' violates the following Content Security Policy directive: "frame-ancestors 'self' teams.microsoft.com". The request has been blocked.
 @ :0
[   24041ms] [ERROR] Framing 'https://signout.sharepoint.com/' violates the following Content Security Policy directive: "frame-ancestors 'self' teams.microsoft.com *.teams.microsoft.com *.skype.com *.teams.microsoft.us local.teams.office.com teams.cloud.microsoft *.office365.com goals.cloud.microsoft *.powerapps.com *.powerbi.com *.yammer.com engage.cloud.microsoft word.cloud.microsoft excel.cloud.microsoft powerpoint.cloud.microsoft *.officeapps.live.com *.office.com *.microsoft365.com m365.cloud.microsoft *.cloud.microsoft *.stream.azure-test.net *.dynamics.com *.microsoft.com onedrive.live.com *.onedrive.live.com securebroker.sharepointonline.com". The request has been blocked.
 @ :0
[   24287ms] [ERROR] This document requires 'TrustedHTML' assignment. The action has been blocked. @ https://res-sdf.cdn.office.net/fluid/stg/loop-app/hashed/boot.6041b494840db372ff4e-1.js:16
[   24287ms] [ERROR] This document requires 'TrustedHTML' assignment. The action has been blocked. @ https://res-sdf.cdn.office.net/fluid/stg/loop-app/hashed/boot.6041b494840db372ff4e-1.js:16
[   24284ms] [ERROR] Failed to load resource: the server responded with a status of 404 () @ chrome-error://chromewebdata/:0
[   24289ms] [ERROR] Refused to display 'https://ccm.mobile.m365.svc.cloud.microsoft/' in a frame because it set 'X-Frame-Options' to 'sameorigin'. @ chrome-error://chromewebdata/:0
[   24937ms] [WARNING] Two extensions have same priority #3 - SystemPropertiesCollector, SystemPropertiesCollector @ https://mysignins.microsoft.com/bundle/main.6aea2989.js:1
[   24971ms] [ERROR] Permissions policy violation: unload is not allowed in this document. @ https://mysignins.microsoft.com/bundle/main.6aea2989.js:1
[   24972ms] [ERROR] Permissions policy violation: unload is not allowed in this document. @ https://mysignins.microsoft.com/bundle/main.6aea2989.js:1
[   24999ms] [ERROR] Permissions policy violation: unload is not allowed in this document. @ https://mysignins.microsoft.com/bundle/main.6aea2989.js:1
[   24999ms] [ERROR] Permissions policy violation: unload is not allowed in this document. @ https://mysignins.microsoft.com/bundle/main.6aea2989.js:1
[   25013ms] [ERROR] Refused to display 'https://login.microsoftonline.com/' in a frame because it set 'X-Frame-Options' to 'deny'. @ chrome-error://chromewebdata/:0
[   25257ms] [LOG] %s [%s] %s INFO AuthLifecycle init @ https://mysignins.microsoft.com/bundle/main.6aea2989.js:1
[   25757ms] [ERROR] Permissions policy violation: unload is not allowed in this document. @ https://myaccount.microsoft.com/bundle/main.e39929df.js:1
[   25757ms] [ERROR] Permissions policy violation: unload is not allowed in this document. @ https://myaccount.microsoft.com/bundle/main.e39929df.js:1
[   25779ms] [WARNING] Two extensions have same priority #3 - SystemPropertiesCollector, SystemPropertiesCollector @ https://myaccount.microsoft.com/bundle/main.e39929df.js:1
[   25782ms] [ERROR] Permissions policy violation: unload is not allowed in this document. @ https://myaccount.microsoft.com/bundle/main.e39929df.js:1
[   25783ms] [ERROR] Permissions policy violation: unload is not allowed in this document. @ https://myaccount.microsoft.com/bundle/main.e39929df.js:1
[   25810ms] [ERROR] Permissions policy violation: unload is not allowed in this document. @ https://myaccount.microsoft.com/bundle/main.e39929df.js:1
[   25810ms] [ERROR] Permissions policy violation: unload is not allowed in this document. @ https://myaccount.microsoft.com/bundle/main.e39929df.js:1
[   25813ms] [WARNING] Two extensions have same priority #3 - SystemPropertiesCollector, SystemPropertiesCollector @ https://myaccount.microsoft.com/bundle/main.e39929df.js:1
[   25814ms] [ERROR] Permissions policy violation: unload is not allowed in this document. @ https://myaccount.microsoft.com/bundle/main.e39929df.js:1
[   25814ms] [ERROR] Permissions policy violation: unload is not allowed in this document. @ https://myaccount.microsoft.com/bundle/main.e39929df.js:1
[   25830ms] [ERROR] Permissions policy violation: unload is not allowed in this document. @ https://myaccount.microsoft.com/bundle/main.e39929df.js:1
[   25831ms] [ERROR] Permissions policy violation: unload is not allowed in this document. @ https://myaccount.microsoft.com/bundle/main.e39929df.js:1
[   26151ms] [ERROR] Permissions policy violation: unload is not allowed in this document. @ https://myaccount.microsoft.com/bundle/main.e39929df.js:1
[   26229ms] [LOG] %s [%s] %s INFO AuthManager interactive @ https://mysignins.microsoft.com/bundle/main.6aea2989.js:1
[   26231ms] [LOG] %s [%s] %s INFO AuthLifecycle login (hints: {}) @ https://mysignins.microsoft.com/bundle/main.6aea2989.js:1
[   26775ms] [ERROR] Refused to display 'https://login.microsoftonline.com/' in a frame because it set 'X-Frame-Options' to 'deny'. @ chrome-error://chromewebdata/:0
[   28303ms] [WARNING] Some icons were re-registered. Applications should only call registerIcons for any given icon once. Redefining what an icon is may have unintended consequences. Duplicates include: 
GlobalNavButton, ChevronDown, ChevronUp, Edit, Add, Cancel, More, Settings, Mail, Filter (+ 1791 more) @ https://myaccount.microsoft.com/bundle/main.e39929df.js:1
[   29748ms] [ERROR] Permissions policy violation: unload is not allowed in this document. @ https://ai.azure.com/assets/manualChunk_telemetry-6ccd2ca9.js:3
[   29750ms] [ERROR] Permissions policy violation: unload is not allowed in this document. @ https://ai.azure.com/assets/manualChunk_telemetry-6ccd2ca9.js:3
[   29755ms] [ERROR] Permissions policy violation: unload is not allowed in this document. @ https://ai.azure.com/assets/manualChunk_telemetry-6ccd2ca9.js:3
[   29755ms] [ERROR] Permissions policy violation: unload is not allowed in this document. @ https://ai.azure.com/assets/manualChunk_telemetry-6ccd2ca9.js:3
[   29993ms] [LOG] React query cache restored in 416.8999999910593 ms @ https://ai.azure.com/:66
[   34379ms] [ERROR] Permissions policy violation: unload is not allowed in this document. @ https://ai.azure.com/assets/root-On48vqrr.js:6
[   34379ms] [ERROR] Permissions policy violation: unload is not allowed in this document. @ https://ai.azure.com/assets/root-On48vqrr.js:6
